[    0.000000] Initializing cgroup subsys cpuset
[    0.000000] Initializing cgroup subsys cpu
[    0.000000] Initializing cgroup subsys cpuacct
[    0.000000] Linux version 4.4.0-96-generic (buildd@lgw01-10) (gcc version 5.4.0 20160609 (Ubuntu 5.4.0-6ubuntu1~16.04.4) ) #119-Ubuntu SMP Tue Sep 12 14:59:54 UTC 2017 (Ubuntu 4.4.0-96.119-generic 4.4.83)
[    0.000000] Command line: BOOT_IMAGE=/boot/vmlinuz-4.4.0-96-generic root=LABEL=cloudimg-rootfs ro console=tty1 console=ttyS0
[    0.000000] KERNEL supported cpus:
[    0.000000]   Intel GenuineIntel
[    0.000000]   AMD AuthenticAMD
[    0.000000]   Centaur CentaurHauls
[    0.000000] ------------[ cut here ]------------
[    0.000000] WARNING: CPU: 0 PID: 0 at /build/linux-z2ccW0/linux-4.4.0/arch/x86/kernel/fpu/xstate.c:517 fpu__init_system_xstate+0x38b/0x75a()
[    0.000000] XSAVE consistency problem, dumping leaves
[    0.000000] Modules linked in:
[    0.000000] CPU: 0 PID: 0 Comm: swapper Not tainted 4.4.0-96-generic #119-Ubuntu
[    0.000000]  0000000000000086 95f502ffa6fc517d ffffffff81e03d80 ffffffff813fabd3
[    0.000000]  ffffffff81e03dc8 ffffffff81caa650 ffffffff81e03db8 ffffffff810812e2
[    0.000000]  ffffffff81e03e48 ffffffff81e03e4c 0000000000000008 0000000000000100
[    0.000000] Call Trace:
[    0.000000]  [<ffffffff813fabd3>] dump_stack+0x63/0x90
[    0.000000]  [<ffffffff810812e2>] warn_slowpath_common+0x82/0xc0
[    0.000000]  [<ffffffff8108137c>] warn_slowpath_fmt+0x5c/0x80
[    0.000000]  [<ffffffff8107cff0>] ? xfeature_size+0x59/0x77
[    0.000000]  [<ffffffff81f6e20b>] fpu__init_system_xstate+0x38b/0x75a
[    0.000000]  [<ffffffff81f5e120>] ? early_idt_handler_array+0x120/0x120
[    0.000000]  [<ffffffff81f6db76>] fpu__init_system+0x10d/0x245
[    0.000000]  [<ffffffff81f6ec7f>] early_cpu_init+0x139/0x13e
[    0.000000]  [<ffffffff81f6ec7f>] ? early_cpu_init+0x139/0x13e
[    0.000000]  [<ffffffff81f6a181>] setup_arch+0xb4/0xcf6
[    0.000000]  [<ffffffff81f5e120>] ? early_idt_handler_array+0x120/0x120
[    0.000000]  [<ffffffff81f5ec74>] start_kernel+0xe4/0x4a2
[    0.000000]  [<ffffffff81f5e120>] ? early_idt_handler_array+0x120/0x120
[    0.000000]  [<ffffffff81f5e339>] x86_64_start_reservations+0x2a/0x2c
[    0.000000]  [<ffffffff81f5e485>] x86_64_start_kernel+0x14a/0x16d
[    0.000000] ---[ end trace 4d5ff9f2f68c4233 ]---
[    0.000000] CPUID[0d, 00]: eax=00000007 ebx=00000440 ecx=00000440 edx=00000000
[    0.000000] CPUID[0d, 01]: eax=00000000 ebx=000003c0 ecx=00000000 edx=00000000
[    0.000000] CPUID[0d, 02]: eax=00000100 ebx=00000240 ecx=00000000 edx=00000000
[    0.000000] CPUID[0d, 03]: eax=00000000 ebx=00000000 ecx=00000000 edx=00000000
[    0.000000] CPUID[0d, 04]: eax=00000000 ebx=00000000 ecx=00000000 edx=00000000
[    0.000000] CPUID[0d, 05]: eax=00000000 ebx=00000000 ecx=00000000 edx=00000000
[    0.000000] CPUID[0d, 06]: eax=00000000 ebx=00000000 ecx=00000000 edx=00000000
[    0.000000] CPUID[0d, 07]: eax=00000000 ebx=00000000 ecx=00000000 edx=00000000
[    0.000000] CPUID[0d, 08]: eax=00000000 ebx=00000000 ecx=00000000 edx=00000000
[    0.000000] CPUID[0d, 09]: eax=00000000 ebx=00000000 ecx=00000000 edx=00000000
[    0.000000] CPUID[0d, 0a]: eax=00000000 ebx=00000000 ecx=00000000 edx=00000000
[    0.000000] CPUID[0d, 0b]: eax=00000000 ebx=00000000 ecx=00000000 edx=00000000
[    0.000000] CPUID[0d, 0c]: eax=00000000 ebx=00000000 ecx=00000000 edx=00000000
[    0.000000] CPUID[0d, 0d]: eax=00000000 ebx=00000000 ecx=00000000 edx=00000000
[    0.000000] CPUID[0d, 0e]: eax=00000000 ebx=00000000 ecx=00000000 edx=00000000
[    0.000000] CPUID[0d, 0f]: eax=00000000 ebx=00000000 ecx=00000000 edx=00000000
[    0.000000] CPUID[0d, 10]: eax=00000000 ebx=00000000 ecx=00000000 edx=00000000
[    0.000000] CPUID[0d, 11]: eax=00000000 ebx=00000000 ecx=00000000 edx=00000000
[    0.000000] x86/fpu: xstate_offset[2]:  576, xstate_sizes[2]:  256
[    0.000000] x86/fpu: Supporting XSAVE feature 0x01: 'x87 floating point registers'
[    0.000000] x86/fpu: Supporting XSAVE feature 0x02: 'SSE registers'
[    0.000000] x86/fpu: Supporting XSAVE feature 0x04: 'AVX registers'
[    0.000000] x86/fpu: Enabled xstate features 0x7, context size is 1088 bytes, using 'standard' format.
[    0.000000] x86/fpu: Using 'lazy' FPU context switches.
[    0.000000] e820: BIOS-provided physical RAM map:
[    0.000000] BIOS-e820: [mem 0x0000000000000000-0x000000000009fbff] usable
[    0.000000] BIOS-e820: [mem 0x000000000009fc00-0x000000000009ffff] reserved
[    0.000000] BIOS-e820: [mem 0x00000000000f0000-0x00000000000fffff] reserved
[    0.000000] BIOS-e820: [mem 0x0000000000100000-0x000000003ffeffff] usable
[    0.000000] BIOS-e820: [mem 0x000000003fff0000-0x000000003fffffff] ACPI data
[    0.000000] BIOS-e820: [mem 0x00000000fec00000-0x00000000fec00fff] reserved
[    0.000000] BIOS-e820: [mem 0x00000000fee00000-0x00000000fee00fff] reserved
[    0.000000] BIOS-e820: [mem 0x00000000fffc0000-0x00000000ffffffff] reserved
[    0.000000] NX (Execute Disable) protection: active
[    0.000000] SMBIOS 2.5 present.
[    0.000000] Hypervisor detected: KVM
[    0.000000] e820: last_pfn = 0x3fff0 max_arch_pfn = 0x400000000
[    0.000000] MTRR: Disabled
[    0.000000] x86/PAT: MTRRs disabled, skipping PAT initialization too.
[    0.000000] CPU MTRRs all blank - virtualized system.
[    0.000000] x86/PAT: Configuration [0-7]: WB  WT  UC- UC  WB  WT  UC- UC  
[    0.000000] found SMP MP-table at [mem 0x0009fff0-0x0009ffff] mapped at [ffff88000009fff0]
[    0.000000] Scanning 1 areas for low memory corruption
[    0.000000] RAMDISK: [mem 0x36b08000-0x3757bfff]
[    0.000000] ACPI: Early table checksum verification disabled
[    0.000000] ACPI: RSDP 0x00000000000E0000 000024 (v02 VBOX  )
[    0.000000] ACPI: XSDT 0x000000003FFF0030 00003C (v01 VBOX   VBOXXSDT 00000001 ASL  00000061)
[    0.000000] ACPI: FACP 0x000000003FFF00F0 0000F4 (v04 VBOX   VBOXFACP 00000001 ASL  00000061)
[    0.000000] ACPI: DSDT 0x000000003FFF0470 0021C8 (v02 VBOX   VBOXBIOS 00000002 INTL 20100528)
[    0.000000] ACPI: FACS 0x000000003FFF0200 000040
[    0.000000] ACPI: FACS 0x000000003FFF0200 000040
[    0.000000] ACPI: APIC 0x000000003FFF0240 00005C (v02 VBOX   VBOXAPIC 00000001 ASL  00000061)
[    0.000000] ACPI: SSDT 0x000000003FFF02A0 0001CC (v01 VBOX   VBOXCPUT 00000002 INTL 20100528)
[    0.000000] No NUMA configuration found
[    0.000000] Faking a node at [mem 0x0000000000000000-0x000000003ffeffff]
[    0.000000] NODE_DATA(0) allocated [mem 0x3ffeb000-0x3ffeffff]
[    0.000000] kvm-clock: Using msrs 4b564d01 and 4b564d00
[    0.000000] kvm-clock: cpu 0, msr 0:3ffe3001, primary cpu clock
[    0.000000] kvm-clock: using sched offset of 2992297579 cycles
[    0.000000] clocksource: kvm-clock: mask: 0xffffffffffffffff max_cycles: 0x1cd42e4dffb, max_idle_ns: 881590591483 ns
[    0.000000] Zone ranges:
[    0.000000]   DMA      [mem 0x0000000000001000-0x0000000000ffffff]
[    0.000000]   DMA32    [mem 0x0000000001000000-0x000000003ffeffff]
[    0.000000]   Normal   empty
[    0.000000]   Device   empty
[    0.000000] Movable zone start for each node
[    0.000000] Early memory node ranges
[    0.000000]   node   0: [mem 0x0000000000001000-0x000000000009efff]
[    0.000000]   node   0: [mem 0x0000000000100000-0x000000003ffeffff]
[    0.000000] Initmem setup node 0 [mem 0x0000000000001000-0x000000003ffeffff]
[    0.000000] ACPI: PM-Timer IO Port: 0x4008
[    0.000000] IOAPIC[0]: apic_id 2, version 32, address 0xfec00000, GSI 0-23
[    0.000000] ACPI: INT_SRC_OVR (bus 0 bus_irq 0 global_irq 2 dfl dfl)
[    0.000000] ACPI: INT_SRC_OVR (bus 0 bus_irq 9 global_irq 9 high level)
[    0.000000] Using ACPI (MADT) for SMP configuration information
[    0.000000] smpboot: Allowing 2 CPUs, 0 hotplug CPUs
[    0.000000] PM: Registered nosave memory: [mem 0x00000000-0x00000fff]
[    0.000000] PM: Registered nosave memory: [mem 0x0009f000-0x0009ffff]
[    0.000000] PM: Registered nosave memory: [mem 0x000a0000-0x000effff]
[    0.000000] PM: Registered nosave memory: [mem 0x000f0000-0x000fffff]
[    0.000000] e820: [mem 0x40000000-0xfebfffff] available for PCI devices
[    0.000000] Booting paravirtualized kernel on KVM
[    0.000000] clocksource: refined-jiffies: mask: 0xffffffff max_cycles: 0xffffffff, max_idle_ns: 7645519600211568 ns
[    0.000000] setup_percpu: NR_CPUS:512 nr_cpumask_bits:512 nr_cpu_ids:2 nr_node_ids:1
[    0.000000] PERCPU: Embedded 34 pages/cpu @ffff88003fc00000 s98328 r8192 d32744 u1048576
[    0.000000] PV qspinlock hash table entries: 256 (order: 0, 4096 bytes)
[    0.000000] Built 1 zonelists in Node order, mobility grouping on.  Total pages: 257913
[    0.000000] Policy zone: DMA32
[    0.000000] Kernel command line: BOOT_IMAGE=/boot/vmlinuz-4.4.0-96-generic root=LABEL=cloudimg-rootfs ro console=tty1 console=ttyS0
[    0.000000] PID hash table entries: 4096 (order: 3, 32768 bytes)
[    0.000000] Memory: 1001860K/1048120K available (8479K kernel code, 1294K rwdata, 3984K rodata, 1492K init, 1316K bss, 46260K reserved, 0K cma-reserved)
[    0.000000] SLUB: HWalign=64, Order=0-3, MinObjects=0, CPUs=2, Nodes=1
[    0.000000] Hierarchical RCU implementation.
[    0.000000] 	Build-time adjustment of leaf fanout to 64.
[    0.000000] 	RCU restricting CPUs from NR_CPUS=512 to nr_cpu_ids=2.
[    0.000000] RCU: Adjusting geometry for rcu_fanout_leaf=64, nr_cpu_ids=2
[    0.000000] NR_IRQS:33024 nr_irqs:440 16
[    0.000000] Console: colour VGA+ 80x25
[    0.000000] console [tty1] enabled
[    0.000000] console [ttyS0] enabled
[    0.000000] tsc: Detected 4008.004 MHz processor
[    5.341658] Calibrating delay loop (skipped) preset value.. 8016.00 BogoMIPS (lpj=16032016)
[    5.439594] pid_max: default: 32768 minimum: 301
[    5.453490] ACPI: Core revision 20150930
[    5.475614] ACPI: 2 ACPI AML tables successfully acquired and loaded
[    5.487320] Security Framework initialized
[    5.488048] Yama: becoming mindful.
[    5.494306] AppArmor: AppArmor initialized
[    5.495109] Dentry cache hash table entries: 131072 (order: 8, 1048576 bytes)
[    5.509527] Inode-cache hash table entries: 65536 (order: 7, 524288 bytes)
[    5.565302] Mount-cache hash table entries: 2048 (order: 2, 16384 bytes)
[    5.710327] Mountpoint-cache hash table entries: 2048 (order: 2, 16384 bytes)
[    5.827912] Initializing cgroup subsys io
[    5.828632] Initializing cgroup subsys memory
[    5.829388] Initializing cgroup subsys devices
[    5.860123] Initializing cgroup subsys freezer
[    5.973804] Initializing cgroup subsys net_cls
[    6.078091] Initializing cgroup subsys perf_event
[    6.082172] Initializing cgroup subsys net_prio
[    6.082730] Initializing cgroup subsys hugetlb
[    6.102321] Initializing cgroup subsys pids
[    6.124397] CPU: Physical Processor ID: 0
[    6.124911] CPU: Processor Core ID: 0
[    6.168531] mce: CPU supports 0 MCE banks
[    6.211000] Last level iTLB entries: 4KB 64, 2MB 8, 4MB 8
[    6.211643] Last level dTLB entries: 4KB 64, 2MB 0, 4MB 0, 1GB 4
[    6.213715] Freeing SMP alternatives memory: 32K
[    6.231129] ftrace: allocating 32146 entries in 126 pages
[    6.343616] smpboot: APIC(0) Converting physical 0 to logical package 0
[    6.394115] smpboot: Max logical packages: 1
[    6.451262] x2apic enabled
[    6.483309] Switched APIC routing to physical x2apic.
[    6.532671] ..TIMER: vector=0x30 apic1=0 pin1=2 apic2=-1 pin2=-1
[    6.746589] smpboot: CPU0: Intel(R) Core(TM) i7-6700K CPU @ 4.00GHz (family: 0x6, model: 0x5e, stepping: 0x3)
[    6.954869] Performance Events: unsupported p6 CPU model 94 no PMU driver, software events only.
[    6.978309] KVM setup paravirtual spinlock
[    6.979353] x86: Booting SMP configuration:
[    7.069824] .... node  #0, CPUs:      #1
[    7.143346] kvm-clock: cpu 1, msr 0:3ffe3041, secondary cpu clock
[    7.188408] mce: CPU supports 0 MCE banks
[    7.190810] x86: Booted up 1 node, 2 CPUs
[    7.239547] smpboot: Total of 2 processors activated (16032.01 BogoMIPS)
[    7.240905] devtmpfs: initialized
[    7.268212] evm: security.selinux
[    7.274876] evm: security.SMACK64
[    7.275332] evm: security.SMACK64EXEC
[    7.279333] evm: security.SMACK64TRANSMUTE
[    7.279854] evm: security.SMACK64MMAP
[    7.280342] evm: security.ima
[    7.280762] evm: security.capability
[    7.281393] clocksource: jiffies: mask: 0xffffffff max_cycles: 0xffffffff, max_idle_ns: 7645041785100000 ns
[    7.418412] futex hash table entries: 512 (order: 3, 32768 bytes)
[    7.478460] pinctrl core: initialized pinctrl subsystem
[    7.479161] RTC time: 17:22:30, date: 09/23/17
[    7.480945] NET: Registered protocol family 16
[    7.503595] cpuidle: using governor ladder
[    7.564238] cpuidle: using governor menu
[    7.631681] PCCT header not found.
[    7.673394] ACPI: bus type PCI registered
[    7.737976] acpiphp: ACPI Hot Plug PCI Controller Driver version: 0.5
[    7.808344] PCI: Using configuration type 1 for base access
[    7.926965] ACPI: Added _OSI(Module Device)
[    8.014244] ACPI: Added _OSI(Processor Device)
[    8.037755] ACPI: Added _OSI(3.0 _SCP Extensions)
[    8.038337] ACPI: Added _OSI(Processor Aggregator Device)
[    8.044458] ACPI: Executed 1 blocks of module-level executable AML code
[    8.049499] ACPI: Interpreter enabled
[    8.049992] ACPI: (supports S0 S5)
[    8.050455] ACPI: Using IOAPIC for interrupt routing
[    8.070366] PCI: Using host bridge windows from ACPI; if necessary, use "pci=nocrs" and report a bug
[    8.183097] ACPI: PCI Root Bridge [PCI0] (domain 0000 [bus 00-ff])
[    8.268461] acpi PNP0A03:00: _OSC: OS supports [ASPM ClockPM Segments MSI]
[    8.331621] acpi PNP0A03:00: _OSC failed (AE_NOT_FOUND); disabling ASPM
[    8.391518] acpi PNP0A03:00: fail to add MMCONFIG information, can't access extended PCI configuration space under this bridge.
[    8.396376] PCI host bridge to bus 0000:00
[    8.426078] pci_bus 0000:00: root bus resource [io  0x0000-0x0cf7 window]
[    8.427108] pci_bus 0000:00: root bus resource [io  0x0d00-0xffff window]
[    8.428145] pci_bus 0000:00: root bus resource [mem 0x000a0000-0x000bffff window]
[    8.429425] pci_bus 0000:00: root bus resource [mem 0x40000000-0xffdfffff window]
[    8.432204] pci_bus 0000:00: root bus resource [bus 00-ff]
[    8.434481] pci 0000:00:01.1: legacy IDE quirk: reg 0x10: [io  0x01f0-0x01f7]
[    8.441349] pci 0000:00:01.1: legacy IDE quirk: reg 0x14: [io  0x03f6]
[    8.442321] pci 0000:00:01.1: legacy IDE quirk: reg 0x18: [io  0x0170-0x0177]
[    8.443411] pci 0000:00:01.1: legacy IDE quirk: reg 0x1c: [io  0x0376]
[    8.454091] pci 0000:00:07.0: quirk: [io  0x4000-0x403f] claimed by PIIX4 ACPI
[    8.465364] pci 0000:00:07.0: quirk: [io  0x4100-0x410f] claimed by PIIX4 SMB
[    8.480080] ACPI: PCI Interrupt Link [LNKA] (IRQs 5 9 10 *11)
[    8.489616] ACPI: PCI Interrupt Link [LNKB] (IRQs 5 9 10 *11)
[    8.522535] ACPI: PCI Interrupt Link [LNKC] (IRQs 5 9 *10 11)
[    8.523515] ACPI: PCI Interrupt Link [LNKD] (IRQs 5 *9 10 11)
[    8.530490] ACPI: Enabled 2 GPEs in block 00 to 07
[    8.531275] vgaarb: setting as boot device: PCI:0000:00:02.0
[    8.531932] vgaarb: device added: PCI:0000:00:02.0,decodes=io+mem,owns=io+mem,locks=none
[    8.551395] vgaarb: loaded
[    8.551818] vgaarb: bridge control possible 0000:00:02.0
[    8.554108] SCSI subsystem initialized
[    8.554691] ACPI: bus type USB registered
[    8.567320] usbcore: registered new interface driver usbfs
[    8.567972] usbcore: registered new interface driver hub
[    8.568617] usbcore: registered new device driver usb
[    8.578168] PCI: Using ACPI for IRQ routing
[    8.578885] NetLabel: Initializing
[    8.579348] NetLabel:  domain hash size = 128
[    8.579886] NetLabel:  protocols = UNLABELED CIPSOv4
[    8.580482] NetLabel:  unlabeled traffic allowed by default
[    8.581224] amd_nb: Cannot enumerate AMD northbridges
[    8.581847] clocksource: Switched to clocksource kvm-clock
[    8.588427] AppArmor: AppArmor Filesystem Enabled
[    8.675547] pnp: PnP ACPI init
[    8.723619] pnp: PnP ACPI: found 3 devices
[    8.760902] clocksource: acpi_pm: mask: 0xffffff max_cycles: 0xffffff, max_idle_ns: 2085701024 ns
[    8.915787] NET: Registered protocol family 2
[    9.018527] TCP established hash table entries: 8192 (order: 4, 65536 bytes)
[    9.208492] TCP bind hash table entries: 8192 (order: 5, 131072 bytes)
[    9.384413] TCP: Hash tables configured (established 8192 bind 8192)
[    9.481041] UDP hash table entries: 512 (order: 2, 16384 bytes)
[    9.519535] UDP-Lite hash table entries: 512 (order: 2, 16384 bytes)
[    9.567335] NET: Registered protocol family 1
[    9.568103] pci 0000:00:00.0: Limiting direct PCI/PCI transfers
[    9.569109] pci 0000:00:01.0: Activating ISA DMA hang workarounds
[    9.574443] Unpacking initramfs...
[   10.798425] Freeing initrd memory: 10704K
[   10.909580] platform rtc_cmos: registered platform RTC device (no PNP device found)
[   10.957490] Scanning for low memory corruption every 60 seconds
[   10.958414] audit: initializing netlink subsys (disabled)
[   11.001903] audit: type=2000 audit(1506187350.672:1): initialized
[   11.106194] Initialise system trusted keyring
[   11.181463] HugeTLB registered 2 MB page size, pre-allocated 0 pages
[   11.293871] zbud: loaded
[   11.334818] VFS: Disk quotas dquot_6.6.0
[   11.375707] VFS: Dquot-cache hash table entries: 512 (order 0, 4096 bytes)
[   11.496214] squashfs: version 4.0 (2009/01/31) Phillip Lougher
[   11.580037] fuse init (API version 7.23)
[   11.593330] Key type big_key registered
[   11.641362] Allocating IMA MOK and blacklist keyrings.
[   11.642693] Key type asymmetric registered
[   11.659590] Asymmetric key parser 'x509' registered
[   11.660220] Block layer SCSI generic (bsg) driver version 0.4 loaded (major 249)
[   11.661284] io scheduler noop registered
[   11.661798] io scheduler deadline registered (default)
[   11.663952] io scheduler cfq registered
[   11.678575] pci_hotplug: PCI Hot Plug PCI Core version: 0.5
[   11.680723] pciehp: PCI Express Hot Plug Controller Driver version: 0.4
[   11.681527] ACPI: AC Adapter [AC] (on-line)
[   11.682105] input: Power Button as /devices/LNXSYSTM:00/LNXPWRBN:00/input/input0
[   11.771025] ACPI: Power Button [PWRF]
[   11.829911] input: Sleep Button as /devices/LNXSYSTM:00/LNXSLPBN:00/input/input1
[   11.832341] ACPI: Sleep Button [SLPF]
[   11.832981] GHES: HEST is not enabled!
[   11.875218] Serial: 8250/16550 driver, 32 ports, IRQ sharing enabled
[   11.897317] 00:02: ttyS0 at I/O 0x3f8 (irq = 4, base_baud = 115200) is a 16550A
[   11.960625] tsc: Refined TSC clocksource calibration: 4010.205 MHz
[   11.961322] clocksource: tsc: mask: 0xffffffffffffffff max_cycles: 0x39ce046e967, max_idle_ns: 440795289581 ns
[   12.125716] Linux agpgart interface v0.103
[   12.210729] loop: module loaded
[   12.227259] scsi host0: ata_piix
[   12.278171] scsi host1: ata_piix
[   12.299126] ata1: PATA max UDMA/33 cmd 0x1f0 ctl 0x3f6 bmdma 0xd000 irq 14
[   12.318153] ata2: PATA max UDMA/33 cmd 0x170 ctl 0x376 bmdma 0xd008 irq 15
[   12.329417] libphy: Fixed MDIO Bus: probed
[   12.331519] tun: Universal TUN/TAP device driver, 1.6
[   12.332121] tun: (C) 1999-2004 Max Krasnyansky <maxk@qualcomm.com>
[   12.332856] PPP generic driver version 2.4.2
[   12.391058] ehci_hcd: USB 2.0 'Enhanced' Host Controller (EHCI) Driver
[   12.509332] ehci-pci: EHCI PCI platform driver
[   12.588982] ehci-platform: EHCI generic platform driver
[   12.640668] ohci_hcd: USB 1.1 'Open' Host Controller (OHCI) Driver
[   12.732925] ohci-pci: OHCI PCI platform driver
[   12.811117] ohci-platform: OHCI generic platform driver
[   12.888332] uhci_hcd: USB Universal Host Controller Interface driver
[   12.996673] i8042: PNP: PS/2 Controller [PNP0303:PS2K,PNP0f03:PS2M] at 0x60,0x64 irq 1,12
[   12.999538] serio: i8042 KBD port at 0x60,0x64 irq 1
[   13.001389] serio: i8042 AUX port at 0x60,0x64 irq 12
[   13.002059] mousedev: PS/2 mouse device common for all mice
[   13.003024] rtc_cmos rtc_cmos: rtc core: registered rtc_cmos as rtc0
[   13.018663] input: AT Translated Set 2 keyboard as /devices/platform/i8042/serio0/input/input2
[   13.133192] rtc_cmos rtc_cmos: alarms up to one day, 114 bytes nvram
[   13.181396] i2c /dev entries driver
[   13.181910] device-mapper: uevent: version 1.0.3
[   13.185385] device-mapper: ioctl: 4.34.0-ioctl (2015-10-28) initialised: dm-devel@redhat.com
[   13.186444] ledtrig-cpu: registered to indicate activity on CPUs
[   13.187636] NET: Registered protocol family 10
[   13.246052] NET: Registered protocol family 17
[   13.330553] Key type dns_resolver registered
[   13.376698] microcode: CPU0 sig=0x506e3, pf=0x2, revision=0x0
[   13.483462] microcode: CPU1 sig=0x506e3, pf=0x2, revision=0x0
[   13.568248] microcode: Microcode Update Driver: v2.01 <tigran@aivazian.fsnet.co.uk>, Peter Oruba
[   13.608946] registered taskstats version 1
[   13.609477] Loading compiled-in X.509 certificates
[   13.610460] Loaded X.509 cert 'Build time autogenerated kernel key: b1a6ea8776bed2812c00d8a799f968274ef48628'
[   13.620975] zswap: loaded using pool lzo/zbud
[   13.667695] Key type trusted registered
[   13.672632] Key type encrypted registered
[   13.742047] AppArmor: AppArmor sha1 policy hashing enabled
[   13.807740] ima: No TPM chip found, activating TPM-bypass!
[   13.921594] evm: HMAC attrs: 0x1
[   13.983048]   Magic number: 1:374:391
[   13.984980] rtc_cmos rtc_cmos: setting system clock to 2017-09-23 17:22:36 UTC (1506187356)
[   14.117534] BIOS EDD facility v0.16 2004-Jun-25, 0 devices found
[   14.207886] EDD information not available.
[   14.209250] Freeing unused kernel memory: 1492K
[   14.209801] Write protecting the kernel read-only data: 14336k
[   14.210788] Freeing unused kernel memory: 1748K
[   14.212764] Freeing unused kernel memory: 112K
Loading, please wait...
starting version[   14.221588] random: systemd-udevd: uninitialized urandom read (16 bytes read, 5 bits of entropy available)
 229
[   14.221928] random: udevadm: uninitialized urandom read (16 bytes read, 5 bits of entropy available)
[   14.221949] random: udevadm: uninitialized urandom read (16 bytes read, 5 bits of entropy available)
[   14.222015] random: udevadm: uninitialized urandom read (16 bytes read, 5 bits of entropy available)
[   14.222038] random: udevadm: uninitialized urandom read (16 bytes read, 5 bits of entropy available)
[   14.222085] random: udevadm: uninitialized urandom read (16 bytes read, 5 bits of entropy available)
[   14.222109] random: udevadm: uninitialized urandom read (16 bytes read, 5 bits of entropy available)
[   14.222131] random: udevadm: uninitialized urandom read (16 bytes read, 5 bits of entropy available)
[   14.222152] random: udevadm: uninitialized urandom read (16 bytes read, 5 bits of entropy available)
[   14.222172] random: udevadm: uninitialized urandom read (16 bytes read, 5 bits of entropy available)
[   14.742170] e1000: Intel(R) PRO/1000 Network Driver - version 7.3.21-k8-NAPI
[   14.879542] e1000: Copyright (c) 1999-2006 Intel Corporation.
[   15.012867] Fusion MPT base driver 3.04.20
[   15.111095] Copyright (c) 1999-2008 LSI Corporation
[   15.219199] AVX version of gcm_enc/dec engaged.
[   15.219344] input: ImExPS/2 Generic Explorer Mouse as /devices/platform/i8042/serio1/input/input4
[   15.397574] AES CTR mode by8 optimization enabled
[   15.490831] Fusion MPT SPI Host driver 3.04.20
[   15.704656] e1000 0000:00:03.0 eth0: (PCI:33MHz:32-bit) 02:a4:a0:f1:db:6e
[   15.742636] e1000 0000:00:03.0 eth0: Intel(R) PRO/1000 Network Connection
[   15.917520] e1000 0000:00:03.0 enp0s3: renamed from eth0
[   15.917569] mptbase: ioc0: Initiating bringup
[   16.178305] ioc0: LSI53C1030 A0: Capabilities={Initiator}
[   16.427423] scsi host2: ioc0: LSI53C1030 A0, FwRev=00000000h, Ports=1, MaxQ=256, IRQ=20
[   16.599184] scsi 2:0:0:0: Direct-Access     VBOX     HARDDISK         1.0  PQ: 0 ANSI: 5
[   16.703849] scsi target2:0:0: Beginning Domain Validation
[   16.705823] scsi target2:0:0: Domain Validation skipping write tests
[   16.780865] scsi target2:0:0: Ending Domain Validation
[   16.830125] scsi target2:0:0: asynchronous
[   16.858732] scsi 2:0:1:0: Direct-Access     VBOX     HARDDISK         1.0  PQ: 0 ANSI: 5
[   16.862407] scsi target2:0:1: Beginning Domain Validation
[   16.866124] scsi target2:0:1: Domain Validation skipping write tests
[   16.944799] scsi target2:0:1: Ending Domain Validation
[   17.033701] scsi target2:0:1: asynchronous
[   17.103480] sd 2:0:0:0: [sda] 20971520 512-byte logical blocks: (10.7 GB/10.0 GiB)
[   17.174107] sd 2:0:0:0: Attached scsi generic sg0 type 0
[   17.174911] sd 2:0:1:0: Attached scsi generic sg1 type 0
[   17.285792] sd 2:0:1:0: [sdb] 20480 512-byte logical blocks: (10.5 MB/10.0 MiB)
[   17.285894] sd 2:0:0:0: [sda] Write Protect is off
[   17.554700] sd 2:0:0:0: [sda] Incomplete mode parameter data
[   17.650159] sd 2:0:0:0: [sda] Assuming drive cache: write through
[   17.654588] sd 2:0:1:0: [sdb] Write Protect is off
[   17.654755] sd 2:0:1:0: [sdb] Incomplete mode parameter data
[   17.654756] sd 2:0:1:0: [sdb] Assuming drive cache: write through
[   17.656766] sd 2:0:1:0: [sdb] Attached SCSI disk
[   17.799394]  sda: sda1
[   17.816563] sd 2:0:0:0: [sda] Attached SCSI disk
[   18.403525] floppy0: no floppy controllers found
Begin: Loading e[   19.780959] md: linear personality registered for level -1
ssential drivers[   19.914462] md: multipath personality registered for level -4
 ... [   20.100208] md: raid0 personality registered for level 0
[   20.115253] md: raid1 personality registered for level 1
[   20.305857] raid6: sse2x1   gen() 12082 MB/s
[   20.450272] raid6: sse2x1   xor()  7728 MB/s
[   20.606108] raid6: sse2x2   gen() 14463 MB/s
[   20.709948] raid6: sse2x2   xor()  9909 MB/s
[   20.786124] raid6: sse2x4   gen() 16297 MB/s
[   20.881905] raid6: sse2x4   xor() 10951 MB/s
[   20.928862] raid6: using algorithm sse2x4 gen() 16297 MB/s
[   20.936592] raid6: .... xor() 10951 MB/s, rmw enabled
[   20.938527] raid6: using ssse3x2 recovery algorithm
[   20.960373] xor: automatically using best checksumming function:
[   21.077929]    avx       : 25786.000 MB/sec
[   21.166383] async_tx: api initialized (async)
[   21.185259] md: raid6 personality registered for level 6
[   21.271714] md: raid5 personality registered for level 5
[   21.357985] md: raid4 personality registered for level 4
[   21.362812] md: raid10 personality registered for level 10
done.
Begin: Running[   21.453525] Btrfs loaded
 /scripts/init-premount ... done[   21.552994] EXT4-fs (sda1): mounted filesystem with ordered data mode. Opts: (null)
.
Begin: Mounting root file system ... Begin: Running /scripts/local-top ... done.
Begin: Running /scripts/local-premount ... Scanning for Btrfs filesystems
done.
Warning: fsck not present, so skipping root file system
done.
Begin: Running /scripts/local-bottom ... done.
Begin: Running /scripts/init-bottom ... done.
[   21.751474] systemd[1]: systemd 229 running in system mode. (+PAM +AUDIT +SELINUX +IMA +APPARMOR +SMACK +SYSVINIT +UTMP +LIBCRYPTSETUP +GCRYPT +GNUTLS +ACL +XZ -LZ4 +SECCOMP +BLKID +ELFUTILS +KMOD -IDN)
[   21.980659] systemd[1]: Detected virtualization oracle.
[   21.993897] systemd[1]: Detected architecture x86-64.

Welcome to [1mUbuntu 16.04.3 LTS[0m!

[   22.114827] systemd[1]: Set hostname to <ubuntu>.
[   22.169401] systemd[1]: Initializing machine ID from random generator.
[   22.256471] systemd[1]: Installed transient /etc/machine-id file.
[   22.452551] systemd[1]: Listening on LVM2 poll daemon socket.
[[0;32m  OK  [0m] Listening on LVM2 poll daemon socket.
[   22.556234] systemd[1]: Listening on Journal Audit Socket.
[[0;32m  OK  [0m] Listening on Journal Audit Socket.
[   22.698800] systemd[1]: Set up automount Arbitrary Executable File Formats File System Automount Point.
[[0;32m  OK  [0m] Set up automount Arbitrary Executab...ats File System Automount Point.
[   22.930259] systemd[1]: Created slice User and Session Slice.
[[0;32m  OK  [0m] Created slice User and Session Slice.
[   23.074290] systemd[1]: Listening on Journal Socket (/dev/log).
[[0;32m  OK  [0m] Listening on Journal Socket (/dev/log).
[   23.214179] systemd[1]: Listening on Device-mapper event daemon FIFOs.
[[0;32m  OK  [0m] Listening on Device-mapper event daemon FIFOs.
[   23.353996] systemd[1]: Listening on Journal Socket.
[[0;32m  OK  [0m] Listening on Journal Socket.
[   23.506089] systemd[1]: Started Forward Password Requests to Wall Directory Watch.
[[0;32m  OK  [0m] Started Forward Password Requests to Wall Directory Watch.
[   23.710547] systemd[1]: Reached target Encrypted Volumes.
[[0;32m  OK  [0m] Reached target Encrypted Volumes.
[   23.826058] systemd[1]: Listening on LVM2 metadata daemon socket.
[[0;32m  OK  [0m] Listening on LVM2 metadata daemon socket.
[   23.994878] systemd[1]: Listening on Syslog Socket.
[[0;32m  OK  [0m] Listening on Syslog Socket.
[   24.082722] systemd[1]: Reached target Swap.
[[0;32m  OK  [0m] Reached target Swap.
[   24.157854] systemd[1]: Created slice System Slice.
[[0;32m  OK  [0m] Created slice System Slice.
[   24.242107] systemd[1]: Starting Set console keymap...
[   24.242639] random: nonblocking pool is initialized
         Starting Set console keymap...
[   24.402644] systemd[1]: Mounting POSIX Message Queue File System...
         Mounting POSIX Message Queue File System...
[   24.534085] systemd[1]: Mounting Debug File System...
         Mounting Debug File System...
[   24.658717] systemd[1]: Starting Create list of required static device nodes for the current kernel...
         Starting Create list of required st... nodes for the current kernel...
[   24.870119] systemd[1]: Starting Journal Service...
         Starting Journal Service...
[   24.882638] systemd[1]: Starting Load Kernel Modules...
         Startin[   24.925048] Loading iSCSI transport class v2.0-870.
g Load Kernel Mo[   25.088083] iscsi: registered transport (tcp)
dules...
[   25.231631] iscsi: registered transport (iser)
[   25.234079] systemd[1]: Starting Monitoring of LVM2 mirrors, snapshots etc. using dmeventd or progress polling...
         Starting Monitoring of LVM2 mirrors... dmeventd or progress polling...
[   25.562188] systemd[1]: Starting Remount Root and Kernel File Systems...
         Starting Remount Root and Kernel File S[   25.614125] EXT4-fs (sda1): re-mounted. Opts: (null)
ystems...
[   25.702018] systemd[1]: Mounting Huge Pages File System...
         Mounting Huge Pages File System...
[   25.842543] systemd[1]: Starting Uncomplicated firewall...
         Starting Uncomplicated firewall...
[   25.938150] systemd[1]: Listening on udev Kernel Socket.
[[0;32m  OK  [0m] Listening on udev Kernel Socket.
[   26.002624] systemd[1]: Starting Nameserver information manager...
         Starting Nameserver information manager...
[   26.134024] systemd[1]: Listening on udev Control Socket.
[[0;32m  OK  [0m] Listening on udev Control Socket.
[   26.202774] systemd[1]: Reached target User and Group Name Lookups.
[[0;32m  OK  [0m] Reached target User and Group Name Lookups.
[   26.281336] systemd[1]: Created slice system-serial\x2dgetty.slice.
[[0;32m  OK  [0m] Created slice system-serial\x2dgetty.slice.
[   26.444699] systemd[1]: Reached target Slices.
[[0;32m  OK  [0m] Reached target Slices.
[   26.578303] systemd[1]: Listening on /dev/initctl Compatibility Named Pipe.
[[0;32m  OK  [0m] Listening on /dev/initctl Compatibility Named Pipe.
[   26.737154] systemd[1]: Started Trigger resolvconf update for networkd DNS.
[[0;32m  OK  [0m] Started Trigger resolvconf update for networkd DNS.
[   26.846964] systemd[1]: Mounted POSIX Message Queue File System.
[[0;32m  OK  [0m] Mounted POSIX Message Queue File System.
[   26.962165] systemd[1]: Mounted Debug File System.
[[0;32m  OK  [0m] Mounted Debug File System.
[   27.018376] systemd[1]: Mounted Huge Pages File System.
[[0;32m  OK  [0m] Mounted Huge Pages File System.
[   27.025772] systemd[1]: Started Journal Service.
[[0;32m  OK  [0m] Started Journal Service.
[[0;32m  OK  [0m] Started Set console keymap.
[[0;32m  OK  [0m] Started Create list of required sta...ce nodes for the current kernel.
[[0;32m  OK  [0m] Started Load Kernel Modules.
[[0;32m  OK  [0m] Started Remount Root and Kernel File Systems.
[[0;32m  OK  [0m] Started Uncomplicated firewall.
[[0;32m  OK  [0m] Started Nameserver information manager.
[[0;32m  OK  [0m] Started LVM2 metadata daemon.
         Starting udev Coldplug all Devices...
         Starting Initial cloud-init job (pre-networking)...
         Starting Load/Save Random Seed...
         Starting Apply Kernel Variables...
         Mounting FUSE Control File System...
         Starting Create Static Device Nodes in /dev...
         Starting Flush Journal to Persistent Storage...
[[0;32m  OK  [0m] Mounted FUSE Control File System.
[[0;32m  OK  [0m] Started Load/Save Random Seed.
[[0;32m  OK  [0m] Started Apply Kernel Variables.
[[0;32m  OK  [0m] Started Create Static Device Nodes in /dev.
[[0;32m  OK  [0m] Started udev Coldplug all Devices.
[[0;32m  OK  [0m] Started Flush Journal to Persistent Storage.
         Starting udev Kernel Device Manager...
[[0;32m  OK  [0m] Started udev Kernel Device Manager.
[[0;32m  OK  [0m] Started Dispatch Password Requests to Console Directory Watch.
[[0;32m  OK  [0m] Found device /dev/ttyS0.
[[0;32m  OK  [0m] Started Monitoring of LVM2 mirrors,...ng dmeventd or progress polling.
[[0;32m  OK  [0m] Reached target Local File Systems (Pre).
[[0;32m  OK  [0m] Reached target Local File Systems.
         Starting Create Volatile Files and Directories...
         Starting Tell Plymouth To Write Out Runtime Data...
[   19.976659] cloud-init[442]: Cloud-init v. 0.7.9 running 'init-local' at Sat, 23 Sep 2017 17:22:50 +0000. Up 19.74 seconds.
         Starting Set console font and keymap...
         Starting LSB: AppArmor initialization...
         Starting Commit a transient machine-id on disk...
[[0;32m  OK  [0m] Started Create Volatile Files and Directories.
[[0;32m  OK  [0m] Started Tell Plymouth To Write Out Runtime Data.
[[0;32m  OK  [0m] Started Initial cloud-init job (pre-networking).
[[0;32m  OK  [0m] Listening on Load/Save RF Kill Switch Status /dev/rfkill Watch.
[[0;32m  OK  [0m] Reached target Network (Pre).
         Starting Update UTMP about System Boot/Shutdown...
[[0;32m  OK  [0m] Reached target System Time Synchronized.
[[0;32m  OK  [0m] Started Commit a transient machine-id on disk.
[[0;32m  OK  [0m] Started Update UTMP about System Boot/Shutdown.
[[0;32m  OK  [0m] Started Set console font and keymap.
[[0;32m  OK  [0m] Created slice system-getty.slice.
[[0;32m  OK  [0m] Started LSB: AppArmor initialization.
         Starting Raise network interfaces...
[[0;32m  OK  [0m] Started Raise network interfaces.
[[0;32m  OK  [0m] Reached target Network.
         Starting Initial cloud-init job (metadata service crawler)...
[   23.157246] cloud-init[931]: Cloud-init v. 0.7.9 running 'init' at Sat, 23 Sep 2017 17:22:53 +0000. Up 22.80 seconds.
[   23.300401] cloud-init[931]: ci-info: +++++++++++++++++++++++++++++++++++++Net device info++++++++++++++++++++++++++++++++++++++
[   23.300578] cloud-init[931]: ci-info: +--------+------+----------------------------+---------------+-------+-------------------+
[[0;32m  OK  [0m] Started Initial cloud-init job (metadata service crawler).
[   23.300647] cloud-init[931]: ci-info: | Device |  Up  |          Address           |      Mask     | Scope |     Hw-Address    |
[   23.604586] cloud-init[931]: ci-info: +--------+------+----------------------------+---------------+-------+-------------------+
[   23.604793] cloud-init[931]: ci-info: | enp0s3 | True |         10.0.2.15          | 255.255.255.0 |   .   | 02:a4:a0:f1:db:6e |
[[0;32m  OK  [0m] Reached target System Initialization.
[[   23.604873] cloud-init[931]: ci-info: | enp0s3 | True | fe80::a4:a0ff:fef1:db6e/64 |       .       |  link | 02:a4:a0:f1:db:6e |
[   23.944589] cloud-init[931]: ci-info: |   lo   | True |         127.0.0.1          |   255.0.0.0   |   .   |         .         |
[   23.944652] cloud-init[931]: ci-info: |   lo   | True |          ::1/128           |       .       |  host |         .         |
[0;32m  OK  [0m] Listening on D-Bus System Message Bus Socket.
[[   23.944747] cloud-init[931]: ci-info: +--------+------+----------------------------+---------------+-------+-------------------+
[   24.152514] cloud-init[931]: ci-info: +++++++++++++++++++++++++++Route IPv4 info++++++++++++++++++++++++++++
[0;32m  OK  [0m] Started Daily Cleanup of Temporary Directories.
[[   24.152566] cloud-init[931]: ci-info: +-------+-------------+----------+---------------+-----------+-------+
[   24.244966] cloud-init[931]: ci-info: | Route | Destination | Gateway  |    Genmask    | Interface | Flags |
[0;32m  OK  [0m] Started Timer to automatically fetch and run repair assertions.
[   24.245019] cloud-init[931]: ci-info: +-------+-------------+----------+---------------+-----------+-------+
[   24.366377] cloud-init[931]: ci-info: |   0   |   0.0.0.0   | 10.0.2.2 |    0.0.0.0    |   enp0s3  |   UG  |
[   24.366569] cloud-init[931]: ci-info: |   1   |   10.0.2.0  | 0.0.0.0  | 255.255.255.0 |   enp0s3  |   U   |
         Starting LXD - unix socket.
[   24.366638] cloud-init[931]: ci-info: +-------+-------------+----------+---------------+-----------+-------+
[   24.554736] cloud-init[931]: Generating public/private rsa key pair.
[   24.554921] cloud-init[931]: Your identification has been saved in /etc/ssh/ssh_host_rsa_key.
[[0;32m  OK  [0m] Started ACPI Events Check.
[[   24.554993] cloud-init[931]: Your public key has been saved in /etc/ssh/ssh_host_rsa_key.pub.
[   24.688291] cloud-init[931]: The key fingerprint is:
[0;32m  OK  [0m] Reached target Paths.
[[   24.688333] cloud-init[931]: SHA256:yMq5YYeKqSk531gk6u6ro5eta/EUt5mni8x3zIRjHzE root@ubuntu-xenial
[   24.862150] cloud-init[931]: The key's randomart image is:
[0;32m  OK  [0m] Listening on UUID daemon activation socket.
[   24.862198] cloud-init[931]: +---[RSA 2048]----+
[   25.180276] cloud-init[931]: |                 |
[   25.180446] cloud-init[931]: |                 |
         Starting Socket activation for snappy daemon.
[   25.180534] cloud-init[931]: |                 |
[   25.197778] cloud-init[931]: |    ....E        |
[   25.197865] cloud-init[931]: |  . .oo=So       |
[   25.197946] cloud-init[931]: | ..+.+B +        |
[   25.198039] cloud-init[931]: |.. *O..O .       |
[[0;32m  OK  [0m] Listening on ACPID Listen Socket.
[[   25.198123] cloud-init[931]: |*++Oo=o =        |
[   25.260492] cloud-init[931]: |#@Bo*..o         |
[0;32m  OK  [0m] Started Timer to automatically refresh installed snaps.
[[   25.260558] cloud-init[931]: +----[SHA256]-----+
[   25.297948] cloud-init[931]: Generating public/private dsa key pair.
[   25.297993] cloud-init[931]: Your identification has been saved in /etc/ssh/ssh_host_dsa_key.
[   25.298073] cloud-init[931]: Your public key has been saved in /etc/ssh/ssh_host_dsa_key.pub.
[   25.298155] cloud-init[931]: The key fingerprint is:
[   25.298246] cloud-init[931]: SHA256:myR+NDcI0/tJo7b4OI3//MXkIQfZTZJbvSzSMKXpouk root@ubuntu-xenial
[   25.298324] cloud-init[931]: The key's randomart image is:
[   25.298405] cloud-init[931]: +---[DSA 1024]----+
[   25.298486] cloud-init[931]: |            ....o|
[   25.298569] cloud-init[931]: |       .   ooo.+o|
[   25.298650] cloud-init[931]: |      o .  o* ooo|
[0;32m  OK  [0m] Reached target Cloud-config availability.
[   25.298738] cloud-init[931]: |       o o.. +.o |
[   25.825839] cloud-init[931]: |      . S.=.o =  |
[[0;32m  OK  [0m] Reached target Network is Online.
[   25.825886] cloud-init[931]: |     . +oO.+ * . |
[   25.897366] cloud-init[931]: |      .=* o   +  |
[[0;32m  OK  [0m] Started Daily apt download activities.
[[   25.897466] cloud-init[931]: |      +=.o   .   |
[   25.932477] cloud-init[931]: |      oE+.o..    |
[   25.932554] cloud-init[931]: +----[SHA256]-----+
[0;32m  OK  [0m] Started Daily apt upgrade and clean activities.
[[   25.932646] cloud-init[931]: Generating public/private ecdsa key pair.
[   25.972833] cloud-init[931]: Your identification has been saved in /etc/ssh/ssh_host_ecdsa_key.
[   25.972888] cloud-init[931]: Your public key has been saved in /etc/ssh/ssh_host_ecdsa_key.pub.
[   25.972965] cloud-init[931]: The key fingerprint is:
[   25.973048] cloud-init[931]: SHA256:2l38EdhftEiT1UqLFzostQ5om2CzkGnKkJugVY/lw7o root@ubuntu-xenial
[0;32m  OK  [0m] Reached target Timers.
[   25.973144] cloud-init[931]: The key's randomart image is:
[   26.143976] cloud-init[931]: +---[ECDSA 256]---+
[   26.144147] cloud-init[931]: |             oo.o|
         Starting iSCSI initiator daemon (iscsid)...
[   26.144238] cloud-init[931]: |    . .     o+=.o|
[   26.220333] cloud-init[931]: | . . O   . o.*o=.|
[   26.220509] cloud-init[931]: |+ . * O o o.* +o.|
[[0;32m  OK  [0m] Listening on LXD - unix socket.
[[   26.220585] cloud-init[931]: |o* o + *So +oo. .|
[   26.244747] cloud-init[931]: |+ o . .oo. ... . |
[0;32m  OK  [0m] Listening on Socket activation for snappy daemon.
[   26.244789] cloud-init[931]: |     .. . .   .  |
[   26.360288] cloud-init[931]: |    E            |
[   26.360437] cloud-init[931]: |                 |
[[0;32m  OK  [0m] Reached target Sockets.
[[   26.360513] cloud-init[931]: +----[SHA256]-----+
[   26.470088] cloud-init[931]: Generating public/private ed25519 key pair.
[0;32m  OK  [0m] Reached target Basic System.
[   26.470132] cloud-init[931]: Your identification has been saved in /etc/ssh/ssh_host_ed25519_key.
[   26.532419] cloud-init[931]: Your public key has been saved in /etc/ssh/ssh_host_ed25519_key.pub.
[   26.532599] cloud-init[931]: The key fingerprint is:
[[0;32m  OK  [0m] Started Regular background program processing daemon.
[[   26.532689] cloud-init[931]: SHA256:8GOza92NhsnvxWA9Qlff2OdTmpt2jCBvXOvwpiTb8zs root@ubuntu-xenial
[   26.588879] cloud-init[931]: The key's randomart image is:
[0;32m  OK  [0m] Started Unattended Upgrades Shutdown.
[   26.588932] cloud-init[931]: +--[ED25519 256]--+
[   26.720400] cloud-init[931]: |                .|
[   26.720588] cloud-init[931]: |               +o|
[[0;32m  OK  [0m] Started FUSE filesystem for LXC.
[   26.720672] cloud-init[931]: |      .     . o *|
         [   26.743562] Starting Accounts Service...cloud-init
[931]: |       o   . o +o|
[   26.743648] cloud-init[931]: |        S . = *..|
[   26.773633] cloud-init[931]: |       . + = * B.|
[   26.788631] cloud-init[931]: |        .o.+*oO o|
         Starting Login Service...
[   26.811758] cloud-init[931]: |        ..=*=*E. |
[[0;32m  OK  [0m] Started D-Bus System Message Bus.
[   26.876884] cloud-init[931]: |       .. .+===o |
         Starting System Logging Service...
[   26.934750] cloud-init[931]: +----[SHA256]-----+
         Starting LSB: MD monitoring daemon...
         Starting /etc/rc.local Compatibility...
         Starting Pollinate to seed the pseudo random number generator...
         Starting LSB: Record successful boot for GRUB...
         Starting Snappy daemon...
[[0;32m  OK  [0m] Started ACPI event daemon.
         Starting Apply the settings specified in cloud-config...
         Starting LXD - container startup/shutdown...
[[0;32m  OK  [0m] Started Deferred execution scheduler.
[[0;32m  OK  [0m] Started System Logging Service.
[[0;32m  OK  [0m] Started Snappy daemon.
[[0;32m  OK  [0m] Started iSCSI initiator daemon (iscsid).
[[0;32m  OK  [0m] Started /etc/rc.local Compatibility.
[[0;32m  OK  [0m] Started LXD - container startup/shutdown.
[[0;32m  OK  [0m] Started LSB: MD monitoring daemon.
[[0;32m  OK  [0m] Started LSB: Record successful boot for GRUB.
[[0;32m  OK  [0m] Started Login Service.
[   27.422884] cloud-init[1109]: Generating locales (this might take a while)...
         Starting Authenticate and Authorize Users to Run Privileged Tasks...
         Starting Login to default iSCSI targets...
         Starting Auto import assertions from block devices...
[[0;32m  OK  [0m] Started Auto import assertions from block devices.
[[0;32m  OK  [0m] Started Authenticate and Authorize Users to Run Privileged Tasks.
[[0;32m  OK  [0m] Started Accounts Service.
[[0;32m  OK  [0m] Started Login to default iSCSI targets.
[[0;32m  OK  [0m] Started Pollinate to seed the pseudo random number generator.
         Starting OpenBSD Secure Shell server...
[[0;32m  OK  [0m] Reached target Remote File Systems (Pre).
[[0;32m  OK  [0m] Reached target Remote File Systems.
         Starting LSB: VirtualBox Linux Additions...
[   27.959260] cloud-init[1109]:   en_US.UTF-8... done
         Starting LSB: automatic crash report generation...
[   27.996953] cloud-init[1109]: Generation complete.
         Starting Permit User Sessions...
         Starting LSB: Set the CPU Frequency Scaling governor to "ondemand"...
         Starting LSB: daemon to balance interrupts for SMP systems...
[[0;32m  OK  [0m] Started OpenBSD Secure Shell server.
[[0;32m  OK  [0m] Started Permit User Sessions.
[[0;32m  OK  [0m] Started LSB: Set the CPU Frequency Scaling governor to "ondemand".
[[0;32m  OK  [0m] Started LSB: VirtualBox Linux Additions.
[[0;32m  OK  [0m] Started LSB: automatic crash report generation.
[[0;32m  OK  [0m] Started LSB: daemon to balance interrupts for SMP systems.
         Stopping OpenBSD Secure Shell server...
         Starting Hold until boot process finishes up...
         Starting Terminate Plymouth Boot Screen...
[[0;32m  OK  [0m] Stopped OpenBSD Secure Shell server.
[[0;32m  OK  [0m] Started Hold until boot process finishes up.
[[0;32m  OK  [0m] Started Terminate Plymouth Boot Screen.
         Starting Set console scheme...
[[0;32m  OK  [0m] Started Serial Getty on ttyS0.
[[0;32m  OK  [0m] Started Getty on tty1.
[[0;32m  OK  [0m] Reached target Login Prompts.
         Starting OpenBSD Secure Shell server...
[[0;32m  OK  [0m] Started OpenBSD Secure Shell server.
[[0;32m  OK  [0m] Started Set console scheme.
[[0;32m  OK  [0m] Reached target Multi-User System.
[[0;32m  OK  [0m] Reached target Graphical Interface.
         Starting Update UTMP about System Runlevel Changes...
[[0;32m  OK  [0m] Started Update UTMP about System Runlevel Changes.
[   29.470094] cloud-init[1109]: Cloud-init v. 0.7.9 running 'modules:config' at Sat, 23 Sep 2017 17:22:58 +0000. Up 27.34 seconds.
[[0;32m  OK  [0m] Started Apply the settings specified in cloud-config.
         Starting Execute cloud user/final scripts...
ci-info: no authorized ssh keys fingerprints found for user ubuntu.
<14>Sep 23 17:23:00 ec2: 
<14>Sep 23 17:23:00 ec2: #############################################################
<14>Sep 23 17:23:00 ec2: -----BEGIN SSH HOST KEY FINGERPRINTS-----
<14>Sep 23 17:23:00 ec2: 1024 SHA256:myR+NDcI0/tJo7b4OI3//MXkIQfZTZJbvSzSMKXpouk root@ubuntu-xenial (DSA)
<14>Sep 23 17:23:00 ec2: 256 SHA256:2l38EdhftEiT1UqLFzostQ5om2CzkGnKkJugVY/lw7o root@ubuntu-xenial (ECDSA)
<14>Sep 23 17:23:00 ec2: 256 SHA256:8GOza92NhsnvxWA9Qlff2OdTmpt2jCBvXOvwpiTb8zs root@ubuntu-xenial (ED25519)
<14>Sep 23 17:23:00 ec2: 2048 SHA256:yMq5YYeKqSk531gk6u6ro5eta/EUt5mni8x3zIRjHzE root@ubuntu-xenial (RSA)
<14>Sep 23 17:23:00 ec2: -----END SSH HOST KEY FINGERPRINTS-----
<14>Sep 23 17:23:00 ec2: #############################################################
-----BEGIN SSH HOST KEY KEYS-----
ecdsa-sha2-nistp256 AAAAE2VjZHNhLXNoYTItbmlzdHAyNTYAAAAIbmlzdHAyNTYAAABBBDtHtn29QYRWH/bG7klkMCo/pGrXC7LI7awntLhBN3jFcOQCZFMauDyyIygzNzURoR3nHM0NjP+Ps56UwASYeKk= root@ubuntu-xenial
ssh-ed25519 AAAAC3NzaC1lZDI1NTE5AAAAIDLjIyNDuDOgXQrSf6ul5HPY7LNSBlRIT8W5zHQ3DItd root@ubuntu-xenial
ssh-rsa AAAAB3NzaC1yc2EAAAADAQABAAABAQDiLlCem9uWhF+vcVmAtBTxauhkVFxqgHOKEjz1AKKiLcWwvfoDZaRLo6KOfBdYhA3ORPF2h+dBvJX47Vwwi/989DYLrvPIgIrFDYgWo9iuwA5PF+92nK7/VFJRYZc+s5zZmZCRLooThGgQNxic9m9xTNkatjIX3/H1Mm/MHHvyFUZE3Q8Z6QH3w4ecSqyXxiDXAmw2/5lrjxynBNzycNqSjh/oSyJrJZTQAcYnzH3jUTXQC3s6virKc8c2PCYNOhk9FtsRfCvYgzULkuLFQ3ZjabEmNRI0UFs/atwKHiFNZp5svSNzrHDJkZ+GfWvotRwmNelrjZOrlqbaIZ0XvyZr root@ubuntu-xenial
-----END SSH HOST KEY KEYS-----
[   30.661755] cloud-init[1293]: Cloud-init v. 0.7.9 running 'modules:final' at Sat, 23 Sep 2017 17:23:00 +0000. Up 29.88 seconds.
[[0;32m  OK  [0m] Started Execute cloud user/final scripts.
[[0;32m  OK  [0m] Reached target Cloud-init target.
[   30.778801] cloud-init[1293]: ci-info: no authorized ssh keys fingerprints found for user ubuntu.
[   30.909446] 
Ubuntu 16.04.3 LTS ubuntu-xenial ttyS0

ubuntu-xenial login: 